<?xml version="1.0" encoding="UTF-8"?>
<!-- Generated by org.testng.reporters.JUnitXMLReporter -->
<testsuite ignored="0" hostname="Afnans-MacBook-Air.local" failures="0" tests="5" name="Test" time="71.55" errors="0" timestamp="2022-07-19T19:27:58 CEST">
  <testcase classname="Academy.AppTest" name="shouldAnswerWithTrue" time="0.003"/>
  <testcase classname="Academy.ValidateTitle" name="basePageTitle" time="0.127"/>
  <testcase classname="Academy.HomePage" name="basePageNavigation" time="21.368"/>
  <testcase classname="Academy.HomePage" name="basePageNavigation" time="14.201"/>
  <testcase classname="Academy.ValidateNavbar" name="basePageNavigation" time="0.126"/>
</testsuite> <!-- Test -->
