<?xml version="1.0" encoding="UTF-8"?>
<!-- Generated by org.testng.reporters.JUnitXMLReporter -->
<testsuite ignored="0" hostname="Afnans-MacBook-Air.local" failures="1" tests="2" name="validating title in the page" time="21.676" errors="0" timestamp="2022-07-21T23:32:13 CEST">
  <testcase classname="Academy.ValidateTitle" name="basePageHeader" time="0.008">
    <failure type="java.lang.NullPointerException">
      <![CDATA[java.lang.NullPointerException
at Academy.ValidateTitle.basePageHeader(ValidateTitle.java:46)
at java.base/java.util.ArrayList.forEach(ArrayList.java:1541)
... Removed 31 stack frames]]>
    </failure>
  </testcase> <!-- basePageHeader -->
  <testcase classname="Academy.ValidateTitle" name="basePageTitle" time="0.168"/>
</testsuite> <!-- validating title in the page -->
