<?xml version="1.0" encoding="UTF-8"?>
<testng-results ignored="0" total="2" passed="2" failed="0" skipped="0">
  <reporter-output>
  </reporter-output>
  <suite started-at="2022-07-20T22:30:08 CEST" name="Default suite" finished-at="2022-07-20T22:31:08 CEST" duration-ms="59430">
    <groups>
    </groups>
    <test started-at="2022-07-20T22:30:08 CEST" name="Default test" finished-at="2022-07-20T22:31:08 CEST" duration-ms="59430">
      <class name="Academy.HomePage">
        <test-method is-config="true" signature="initialize()[pri:0, instance:Academy.HomePage@235f4c10]" started-at="2022-07-20T22:30:08 CEST" name="initialize" finished-at="2022-07-20T22:30:12 CEST" duration-ms="3425" status="PASS">
          <reporter-output>
          </reporter-output>
        </test-method> <!-- initialize -->
        <test-method signature="basePageNavigation(java.lang.String,java.lang.String,java.lang.String)[pri:0, instance:Academy.HomePage@235f4c10]" started-at="2022-07-20T22:30:12 CEST" name="basePageNavigation" data-provider="getData" finished-at="2022-07-20T22:30:50 CEST" duration-ms="38383" status="PASS">
          <params>
            <param index="0">
              <value>
                <![CDATA[nonrestricteduser@gmail.com]]>
              </value>
            </param>
            <param index="1">
              <value>
                <![CDATA[123456]]>
              </value>
            </param>
            <param index="2">
              <value>
                <![CDATA[restricted user]]>
              </value>
            </param>
          </params>
          <reporter-output>
          </reporter-output>
        </test-method> <!-- basePageNavigation -->
        <test-method signature="basePageNavigation(java.lang.String,java.lang.String,java.lang.String)[pri:0, instance:Academy.HomePage@235f4c10]" started-at="2022-07-20T22:30:50 CEST" name="basePageNavigation" data-provider="getData" finished-at="2022-07-20T22:31:07 CEST" duration-ms="17368" status="PASS">
          <params>
            <param index="0">
              <value>
                <![CDATA[restricteduser@gmail.com]]>
              </value>
            </param>
            <param index="1">
              <value>
                <![CDATA[3456]]>
              </value>
            </param>
            <param index="2">
              <value>
                <![CDATA[non restricted user]]>
              </value>
            </param>
          </params>
          <reporter-output>
          </reporter-output>
        </test-method> <!-- basePageNavigation -->
        <test-method is-config="true" signature="teardown()[pri:0, instance:Academy.HomePage@235f4c10]" started-at="2022-07-20T22:31:08 CEST" name="teardown" finished-at="2022-07-20T22:31:08 CEST" duration-ms="198" status="PASS">
          <reporter-output>
          </reporter-output>
        </test-method> <!-- teardown -->
      </class> <!-- Academy.HomePage -->
    </test> <!-- Default test -->
  </suite> <!-- Default suite -->
</testng-results>
